{"level":"info","message":"Connected to rabbit mq","service":"post-service","timestamp":"2025-01-18T06:45:01.516Z"}
{"level":"info","message":"Post service running on port 3002","service":"post-service","timestamp":"2025-01-18T06:45:01.532Z"}
{"level":"info","message":"Connected to mongodb","service":"post-service","timestamp":"2025-01-18T06:45:03.457Z"}
{"level":"info","message":"Connected to rabbit mq","service":"post-service","timestamp":"2025-01-18T07:41:38.320Z"}
{"level":"info","message":"Post service running on port 3002","service":"post-service","timestamp":"2025-01-18T07:41:38.329Z"}
{"connectionGeneration":0,"level":"error","message":"Mongo connection error connection 1 to 34.231.230.107:27017 timed out","service":"post-service","stack":"MongoNetworkTimeoutError: connection 1 to 34.231.230.107:27017 timed out\n    at Timeout._onTimeout (D:\\charlesDevelopment\\microservices\\social_media\\post-service\\node_modules\\.pnpm\\mongodb@6.12.0\\node_modules\\mongodb\\lib\\cmap\\connection.js:118:26)\n    at listOnTimeout (node:internal/timers:594:17)\n    at process.processTimers (node:internal/timers:529:7)","timestamp":"2025-01-18T07:42:18.387Z"}
{"level":"info","message":"Connected to rabbit mq","service":"post-service","timestamp":"2025-01-18T07:42:50.015Z"}
{"level":"info","message":"Post service running on port 3002","service":"post-service","timestamp":"2025-01-18T07:42:50.023Z"}
{"level":"info","message":"Connected to mongodb","service":"post-service","timestamp":"2025-01-18T07:43:06.194Z"}
{"level":"info","message":"Connected to rabbit mq","service":"post-service","timestamp":"2025-01-18T08:22:53.006Z"}
{"level":"info","message":"Post service running on port 3002","service":"post-service","timestamp":"2025-01-18T08:22:53.013Z"}
{"level":"info","message":"Connected to mongodb","service":"post-service","timestamp":"2025-01-18T08:22:58.454Z"}
{"level":"info","message":"Received POST request to /api/posts/create-post","service":"post-service","timestamp":"2025-01-18T08:23:52.055Z"}
{"level":"info","message":"Request body, [object Object]","service":"post-service","timestamp":"2025-01-18T08:23:52.056Z"}
{"level":"info","message":"Create post endpoint hit","service":"post-service","timestamp":"2025-01-18T08:23:52.058Z"}
{"level":"info","message":"Event published: post.created","service":"post-service","timestamp":"2025-01-18T08:23:52.316Z"}
{"$__":{"$versionError":null,"activePaths":{"paths":{"content":"require","user":"require"},"states":{"default":{},"modify":{},"require":{"content":true,"user":true}}},"backup":{"activePaths":{"default":{"_id":true,"createdAt":true},"modify":{"content":true,"mediaIds":true,"updatedAt":true,"user":true}},"validationError":null},"cachedRequired":{},"inserting":true,"op":null,"pathsToScopes":{"mediaIds":{"__v":0,"_id":"678b651854687dd3943d35eb","content":"Hello","createdAt":"2025-01-18T08:23:52.069Z","mediaIds":[],"updatedAt":"2025-01-18T08:23:52.069Z","user":"678a9a8b6bd06253b40980c0"}},"saveOptions":null,"savedState":{},"saving":null,"validating":null},"$isNew":false,"_doc":{"__v":0,"_id":"678b651854687dd3943d35eb","content":"Hello","createdAt":"2025-01-18T08:23:52.069Z","mediaIds":[],"updatedAt":"2025-01-18T08:23:52.069Z","user":"678a9a8b6bd06253b40980c0"},"level":"info","message":"Post created successfully","service":"post-service","timestamp":"2025-01-18T08:23:52.874Z"}
{"level":"info","message":"Received GET request to /api/posts/all-posts","service":"post-service","timestamp":"2025-01-18T09:06:15.898Z"}
{"level":"info","message":"Request body, [object Object]","service":"post-service","timestamp":"2025-01-18T09:06:15.899Z"}
{"level":"info","message":"Received GET request to /api/posts/678b651854687dd3943d35eb","service":"post-service","timestamp":"2025-01-18T09:16:12.686Z"}
{"level":"info","message":"Request body, [object Object]","service":"post-service","timestamp":"2025-01-18T09:16:12.687Z"}
{"level":"info","message":"Received GET request to /api/posts/678b651854687dd3943d35eb","service":"post-service","timestamp":"2025-01-18T09:16:22.825Z"}
{"level":"info","message":"Request body, [object Object]","service":"post-service","timestamp":"2025-01-18T09:16:22.826Z"}
{"level":"info","message":"Received GET request to /api/posts/678b651854687dd3943d35eb","service":"post-service","timestamp":"2025-01-18T09:16:25.155Z"}
{"level":"info","message":"Request body, [object Object]","service":"post-service","timestamp":"2025-01-18T09:16:25.156Z"}
{"level":"info","message":"Received POST request to /api/posts/create-post","service":"post-service","timestamp":"2025-01-18T09:19:59.632Z"}
{"level":"info","message":"Request body, [object Object]","service":"post-service","timestamp":"2025-01-18T09:19:59.633Z"}
{"level":"info","message":"Create post endpoint hit","service":"post-service","timestamp":"2025-01-18T09:19:59.634Z"}
{"level":"info","message":"Event published: post.created","service":"post-service","timestamp":"2025-01-18T09:19:59.882Z"}
{"$__":{"$versionError":null,"activePaths":{"paths":{"content":"require","user":"require"},"states":{"default":{},"modify":{},"require":{"content":true,"user":true}}},"backup":{"activePaths":{"default":{"_id":true,"createdAt":true},"modify":{"content":true,"mediaIds":true,"updatedAt":true,"user":true}},"validationError":null},"cachedRequired":{},"inserting":true,"op":null,"pathsToScopes":{"mediaIds":{"__v":0,"_id":"678b723f54687dd3943d35f2","content":"Good morning\nHow are you doing","createdAt":"2025-01-18T09:19:59.636Z","mediaIds":[],"updatedAt":"2025-01-18T09:19:59.636Z","user":"678a9a8b6bd06253b40980c0"}},"saveOptions":null,"savedState":{},"saving":null,"validating":null},"$isNew":false,"_doc":{"__v":0,"_id":"678b723f54687dd3943d35f2","content":"Good morning\nHow are you doing","createdAt":"2025-01-18T09:19:59.636Z","mediaIds":[],"updatedAt":"2025-01-18T09:19:59.636Z","user":"678a9a8b6bd06253b40980c0"},"level":"info","message":"Post created successfully","service":"post-service","timestamp":"2025-01-18T09:20:00.292Z"}
{"level":"info","message":"Received GET request to /api/posts/all-posts","service":"post-service","timestamp":"2025-01-18T09:20:12.802Z"}
{"level":"info","message":"Request body, [object Object]","service":"post-service","timestamp":"2025-01-18T09:20:12.803Z"}
{"level":"info","message":"Received GET request to /api/posts/all-posts","service":"post-service","timestamp":"2025-01-18T09:20:25.150Z"}
{"level":"info","message":"Request body, [object Object]","service":"post-service","timestamp":"2025-01-18T09:20:25.151Z"}
{"level":"info","message":"Received GET request to /api/posts/all-posts","service":"post-service","timestamp":"2025-01-18T09:20:34.034Z"}
{"level":"info","message":"Request body, [object Object]","service":"post-service","timestamp":"2025-01-18T09:20:34.034Z"}
{"level":"info","message":"Received GET request to /api/posts/all-posts","service":"post-service","timestamp":"2025-01-18T09:20:38.532Z"}
{"level":"info","message":"Request body, [object Object]","service":"post-service","timestamp":"2025-01-18T09:20:38.534Z"}
{"level":"info","message":"Received GET request to /api/posts/all-posts","service":"post-service","timestamp":"2025-01-18T09:20:43.256Z"}
{"level":"info","message":"Request body, [object Object]","service":"post-service","timestamp":"2025-01-18T09:20:43.256Z"}
{"level":"info","message":"Received GET request to /api/posts/all-posts","service":"post-service","timestamp":"2025-01-18T09:20:47.230Z"}
{"level":"info","message":"Request body, [object Object]","service":"post-service","timestamp":"2025-01-18T09:20:47.231Z"}
