{"level":"info","message":"Identity service running on port 3001","service":"identity-service","timestamp":"2025-01-16T22:22:39.484Z"}
{"level":"info","message":"Connected to mongodb","service":"identity-service","timestamp":"2025-01-16T22:22:44.028Z"}
{"0":"r","1":"e","2":"a","3":"s","4":"o","5":"n","6":":","level":"error","message":"Unhandled Rejection at","service":"identity-service","timestamp":"2025-01-16T22:22:50.353Z"}
{"0":"r","1":"e","2":"a","3":"s","4":"o","5":"n","6":":","level":"error","message":"Unhandled Rejection at","service":"identity-service","timestamp":"2025-01-16T22:22:50.355Z"}
{"level":"info","message":"Identity service running on port 3001","service":"identity-service","timestamp":"2025-01-17T16:51:14.092Z"}
{"0":"r","1":"e","2":"a","3":"s","4":"o","5":"n","6":":","level":"error","message":"Unhandled Rejection at","service":"identity-service","timestamp":"2025-01-17T16:51:14.099Z"}
{"0":"r","1":"e","2":"a","3":"s","4":"o","5":"n","6":":","level":"error","message":"Unhandled Rejection at","service":"identity-service","timestamp":"2025-01-17T16:51:14.100Z"}
{"level":"info","message":"Connected to mongodb","service":"identity-service","timestamp":"2025-01-17T16:51:17.248Z"}
{"level":"info","message":"Identity service running on port 3001","service":"identity-service","timestamp":"2025-01-17T17:17:52.590Z"}
{"level":"info","message":"Connected to mongodb","service":"identity-service","timestamp":"2025-01-17T17:17:55.426Z"}
{"level":"info","message":"Identity service running on port 3001","service":"identity-service","timestamp":"2025-01-17T17:17:58.656Z"}
{"level":"info","message":"Identity service running on port 3001","service":"identity-service","timestamp":"2025-01-17T17:18:05.526Z"}
{"level":"info","message":"Connected to mongodb","service":"identity-service","timestamp":"2025-01-17T17:18:16.174Z"}
{"level":"info","message":"Identity service running on port 3001","service":"identity-service","timestamp":"2025-01-17T17:18:53.318Z"}
{"level":"info","message":"Connected to mongodb","service":"identity-service","timestamp":"2025-01-17T17:19:03.347Z"}
{"0":"r","1":"e","2":"a","3":"s","4":"o","5":"n","6":":","level":"error","message":"Unhandled Rejection at","service":"identity-service","timestamp":"2025-01-17T17:19:04.077Z"}
{"0":"r","1":"e","2":"a","3":"s","4":"o","5":"n","6":":","level":"error","message":"Unhandled Rejection at","service":"identity-service","timestamp":"2025-01-17T17:19:04.078Z"}
{"level":"info","message":"Identity service running on port 3001","service":"identity-service","timestamp":"2025-01-17T17:19:38.161Z"}
{"0":"r","1":"e","2":"a","3":"s","4":"o","5":"n","6":":","level":"error","message":"Unhandled Rejection at","service":"identity-service","timestamp":"2025-01-17T17:19:38.168Z"}
{"0":"r","1":"e","2":"a","3":"s","4":"o","5":"n","6":":","level":"error","message":"Unhandled Rejection at","service":"identity-service","timestamp":"2025-01-17T17:19:38.169Z"}
{"level":"info","message":"Connected to mongodb","service":"identity-service","timestamp":"2025-01-17T17:19:47.196Z"}
{"level":"info","message":"Identity service running on port 3001","service":"identity-service","timestamp":"2025-01-17T17:31:22.792Z"}
{"level":"info","message":"Identity service running on port 3001","service":"identity-service","timestamp":"2025-01-17T17:31:30.857Z"}
{"level":"info","message":"Connected to mongodb","service":"identity-service","timestamp":"2025-01-17T17:31:36.149Z"}
{"level":"info","message":"Received POST request to /api/auth/register","service":"identity-service","timestamp":"2025-01-17T17:59:38.185Z"}
{"level":"info","message":"Request body, [object Object]","service":"identity-service","timestamp":"2025-01-17T17:59:38.186Z"}
{"level":"info","message":"Registration endpoint hit...","service":"identity-service","timestamp":"2025-01-17T17:59:38.675Z"}
{"buffer":{"data":[103,138,154,139,107,208,98,83,180,9,128,192],"type":"Buffer"},"level":"warn","message":"User saved successfully","service":"identity-service","timestamp":"2025-01-17T17:59:39.390Z"}
{"level":"info","message":"Received POST request to /api/auth/login","service":"identity-service","timestamp":"2025-01-17T18:02:06.350Z"}
{"level":"info","message":"Request body, [object Object]","service":"identity-service","timestamp":"2025-01-17T18:02:06.350Z"}
{"level":"info","message":"Login endpoint hit...","service":"identity-service","timestamp":"2025-01-17T18:02:06.713Z"}
{"level":"info","message":"Identity service running on port 3001","service":"identity-service","timestamp":"2025-01-18T01:43:21.068Z"}
{"level":"info","message":"Connected to mongodb","service":"identity-service","timestamp":"2025-01-18T01:43:23.581Z"}
{"level":"info","message":"Received POST request to /api/auth/login","service":"identity-service","timestamp":"2025-01-18T02:04:46.183Z"}
{"level":"info","message":"Request body, [object Object]","service":"identity-service","timestamp":"2025-01-18T02:04:46.184Z"}
{"level":"info","message":"Login endpoint hit...","service":"identity-service","timestamp":"2025-01-18T02:04:46.307Z"}
{"level":"info","message":"Received POST request to /api/auth/register","service":"identity-service","timestamp":"2025-01-18T02:10:56.954Z"}
{"level":"info","message":"Request body, [object Object]","service":"identity-service","timestamp":"2025-01-18T02:10:56.957Z"}
{"level":"info","message":"Registration endpoint hit...","service":"identity-service","timestamp":"2025-01-18T02:10:57.211Z"}
{"level":"warn","message":"User already exists","service":"identity-service","timestamp":"2025-01-18T02:10:57.420Z"}
{"level":"info","message":"Identity service running on port 3001","service":"identity-service","timestamp":"2025-01-18T07:27:58.713Z"}
{"level":"info","message":"Received POST request to /api/auth/login","service":"identity-service","timestamp":"2025-01-18T07:28:22.237Z"}
{"level":"info","message":"Request body, [object Object]","service":"identity-service","timestamp":"2025-01-18T07:28:22.238Z"}
{"level":"info","message":"Login endpoint hit...","service":"identity-service","timestamp":"2025-01-18T07:28:22.400Z"}
{"level":"info","message":"Connected to mongodb","service":"identity-service","timestamp":"2025-01-18T07:28:25.563Z"}
{"level":"info","message":"Received POST request to /api/auth/logout","service":"identity-service","timestamp":"2025-01-18T07:30:22.082Z"}
{"level":"info","message":"Request body, [object Object]","service":"identity-service","timestamp":"2025-01-18T07:30:22.087Z"}
{"level":"info","message":"Logout endpoint hit...","service":"identity-service","timestamp":"2025-01-18T07:30:22.237Z"}
{"level":"warn","message":"Refresh token missing","service":"identity-service","timestamp":"2025-01-18T07:30:22.239Z"}
{"level":"info","message":"Received POST request to /api/auth/login","service":"identity-service","timestamp":"2025-01-18T07:30:51.886Z"}
{"level":"info","message":"Request body, [object Object]","service":"identity-service","timestamp":"2025-01-18T07:30:51.887Z"}
{"level":"info","message":"Login endpoint hit...","service":"identity-service","timestamp":"2025-01-18T07:30:51.979Z"}
{"level":"info","message":"Identity service running on port 3001","service":"identity-service","timestamp":"2025-01-18T07:41:24.808Z"}
{"level":"info","message":"Connected to mongodb","service":"identity-service","timestamp":"2025-01-18T07:41:26.831Z"}
{"level":"info","message":"Received POST request to /api/auth/login","service":"identity-service","timestamp":"2025-01-18T07:43:00.514Z"}
{"level":"info","message":"Request body, [object Object]","service":"identity-service","timestamp":"2025-01-18T07:43:00.515Z"}
{"level":"info","message":"Login endpoint hit...","service":"identity-service","timestamp":"2025-01-18T07:43:00.799Z"}
{"level":"info","message":"Received POST request to /api/auth/login","service":"identity-service","timestamp":"2025-01-18T07:50:38.719Z"}
{"level":"info","message":"Request body, [object Object]","service":"identity-service","timestamp":"2025-01-18T07:50:38.719Z"}
{"level":"info","message":"Login endpoint hit...","service":"identity-service","timestamp":"2025-01-18T07:50:38.859Z"}
{"level":"info","message":"Received POST request to /api/auth/login","service":"identity-service","timestamp":"2025-01-18T07:53:24.534Z"}
{"level":"info","message":"Request body, [object Object]","service":"identity-service","timestamp":"2025-01-18T07:53:24.537Z"}
{"level":"info","message":"Login endpoint hit...","service":"identity-service","timestamp":"2025-01-18T07:53:24.948Z"}
{"level":"info","message":"Received POST request to /api/auth/login","service":"identity-service","timestamp":"2025-01-18T08:01:12.215Z"}
{"level":"info","message":"Request body, [object Object]","service":"identity-service","timestamp":"2025-01-18T08:01:12.216Z"}
{"level":"info","message":"Login endpoint hit...","service":"identity-service","timestamp":"2025-01-18T08:01:12.378Z"}
{"level":"info","message":"Identity service running on port 3001","service":"identity-service","timestamp":"2025-01-18T08:22:43.808Z"}
{"level":"info","message":"Connected to mongodb","service":"identity-service","timestamp":"2025-01-18T08:22:46.056Z"}
{"level":"info","message":"Received POST request to /api/auth/login","service":"identity-service","timestamp":"2025-01-18T08:23:29.341Z"}
{"level":"info","message":"Request body, [object Object]","service":"identity-service","timestamp":"2025-01-18T08:23:29.342Z"}
{"level":"info","message":"Login endpoint hit...","service":"identity-service","timestamp":"2025-01-18T08:23:29.474Z"}
{"level":"info","message":"Identity service running on port 3001","service":"identity-service","timestamp":"2025-01-18T09:04:37.482Z"}
{"level":"info","message":"Connected to mongodb","service":"identity-service","timestamp":"2025-01-18T09:04:42.733Z"}
{"level":"info","message":"Received POST request to /api/auth/login","service":"identity-service","timestamp":"2025-01-18T09:05:55.378Z"}
{"level":"info","message":"Request body, [object Object]","service":"identity-service","timestamp":"2025-01-18T09:05:55.379Z"}
{"level":"info","message":"Login endpoint hit...","service":"identity-service","timestamp":"2025-01-18T09:05:55.608Z"}
