{"level":"info","message":"Received POST request to /api/media/upload","service":"media-service","timestamp":"2025-01-18T11:03:58.438Z"}
{"level":"info","message":"Request body, [object Object]","service":"media-service","timestamp":"2025-01-18T11:03:58.442Z"}
{"level":"error","message":"Unknown error occured while uploading: Multipart: Boundary not found","service":"media-service","stack":"Error: Multipart: Boundary not found\n    at new Multipart (D:\\charlesDevelopment\\microservices\\social_media\\media-service\\node_modules\\.pnpm\\busboy@1.6.0\\node_modules\\busboy\\lib\\types\\multipart.js:233:13)\n    at getInstance (D:\\charlesDevelopment\\microservices\\social_media\\media-service\\node_modules\\.pnpm\\busboy@1.6.0\\node_modules\\busboy\\lib\\index.js:33:12)\n    at module.exports (D:\\charlesDevelopment\\microservices\\social_media\\media-service\\node_modules\\.pnpm\\busboy@1.6.0\\node_modules\\busboy\\lib\\index.js:56:10)\n    at multerMiddleware (D:\\charlesDevelopment\\microservices\\social_media\\media-service\\node_modules\\.pnpm\\multer@1.4.5-lts.1\\node_modules\\multer\\lib\\make-middleware.js:28:16)\n    at D:\\charlesDevelopment\\microservices\\social_media\\media-service\\src\\routes\\media-routes.js:25:5\n    at Layer.handle [as handle_request] (D:\\charlesDevelopment\\microservices\\social_media\\media-service\\node_modules\\.pnpm\\express@4.21.2\\node_modules\\express\\lib\\router\\layer.js:95:5)\n    at next (D:\\charlesDevelopment\\microservices\\social_media\\media-service\\node_modules\\.pnpm\\express@4.21.2\\node_modules\\express\\lib\\router\\route.js:149:13)\n    at authenticateRequest (D:\\charlesDevelopment\\microservices\\social_media\\media-service\\src\\middleware\\authMiddleware.js:15:3)\n    at Layer.handle [as handle_request] (D:\\charlesDevelopment\\microservices\\social_media\\media-service\\node_modules\\.pnpm\\express@4.21.2\\node_modules\\express\\lib\\router\\layer.js:95:5)\n    at next (D:\\charlesDevelopment\\microservices\\social_media\\media-service\\node_modules\\.pnpm\\express@4.21.2\\node_modules\\express\\lib\\router\\route.js:149:13)","timestamp":"2025-01-18T11:03:58.447Z"}
{"level":"info","message":"Received POST request to /api/media/upload","service":"media-service","timestamp":"2025-01-18T11:12:16.354Z"}
{"level":"info","message":"Request body, [object Object]","service":"media-service","timestamp":"2025-01-18T11:12:16.355Z"}
{"level":"info","message":"Starting media upload","service":"media-service","timestamp":"2025-01-18T11:12:16.363Z"}
{"level":"info","message":"File details: name=WhatsApp Image 2024-11-30 at 08.51.07_2f433728.jpg, type=image/jpeg","service":"media-service","timestamp":"2025-01-18T11:12:16.366Z"}
{"level":"info","message":"Uploading to cloudinary starting...","service":"media-service","timestamp":"2025-01-18T11:12:16.367Z"}
{"level":"info","message":"Cloudinary upload successfully. Public Id: - zy7jkyqpxyqvs6jxjzzk","service":"media-service","timestamp":"2025-01-18T11:12:45.982Z"}
{"level":"info","message":"Received POST request to /api/media/upload","service":"media-service","timestamp":"2025-01-18T11:13:59.983Z"}
{"level":"info","message":"Request body, [object Object]","service":"media-service","timestamp":"2025-01-18T11:13:59.984Z"}
{"level":"error","message":"Unknown error occured while uploading: Multipart: Boundary not found","service":"media-service","stack":"Error: Multipart: Boundary not found\n    at new Multipart (D:\\charlesDevelopment\\microservices\\social_media\\media-service\\node_modules\\.pnpm\\busboy@1.6.0\\node_modules\\busboy\\lib\\types\\multipart.js:233:13)\n    at getInstance (D:\\charlesDevelopment\\microservices\\social_media\\media-service\\node_modules\\.pnpm\\busboy@1.6.0\\node_modules\\busboy\\lib\\index.js:33:12)\n    at module.exports (D:\\charlesDevelopment\\microservices\\social_media\\media-service\\node_modules\\.pnpm\\busboy@1.6.0\\node_modules\\busboy\\lib\\index.js:56:10)\n    at multerMiddleware (D:\\charlesDevelopment\\microservices\\social_media\\media-service\\node_modules\\.pnpm\\multer@1.4.5-lts.1\\node_modules\\multer\\lib\\make-middleware.js:28:16)\n    at D:\\charlesDevelopment\\microservices\\social_media\\media-service\\src\\routes\\media-routes.js:25:5\n    at Layer.handle [as handle_request] (D:\\charlesDevelopment\\microservices\\social_media\\media-service\\node_modules\\.pnpm\\express@4.21.2\\node_modules\\express\\lib\\router\\layer.js:95:5)\n    at next (D:\\charlesDevelopment\\microservices\\social_media\\media-service\\node_modules\\.pnpm\\express@4.21.2\\node_modules\\express\\lib\\router\\route.js:149:13)\n    at authenticateRequest (D:\\charlesDevelopment\\microservices\\social_media\\media-service\\src\\middleware\\authMiddleware.js:15:3)\n    at Layer.handle [as handle_request] (D:\\charlesDevelopment\\microservices\\social_media\\media-service\\node_modules\\.pnpm\\express@4.21.2\\node_modules\\express\\lib\\router\\layer.js:95:5)\n    at next (D:\\charlesDevelopment\\microservices\\social_media\\media-service\\node_modules\\.pnpm\\express@4.21.2\\node_modules\\express\\lib\\router\\route.js:149:13)","timestamp":"2025-01-18T11:13:59.984Z"}
{"level":"info","message":"Received POST request to /api/media/upload","service":"media-service","timestamp":"2025-01-18T11:14:06.642Z"}
{"level":"info","message":"Request body, [object Object]","service":"media-service","timestamp":"2025-01-18T11:14:06.643Z"}
{"level":"info","message":"Starting media upload","service":"media-service","timestamp":"2025-01-18T11:14:06.648Z"}
{"level":"info","message":"File details: name=WhatsApp Image 2024-11-30 at 08.51.07_2f433728.jpg, type=image/jpeg","service":"media-service","timestamp":"2025-01-18T11:14:06.651Z"}
{"level":"info","message":"Uploading to cloudinary starting...","service":"media-service","timestamp":"2025-01-18T11:14:06.651Z"}
{"level":"info","message":"Cloudinary upload successfully. Public Id: - wzhrheg0ycaltovawel1","service":"media-service","timestamp":"2025-01-18T11:14:54.372Z"}
{"level":"info","message":"Received GET request to /api/media/get","service":"media-service","timestamp":"2025-01-18T21:07:21.962Z"}
{"level":"info","message":"Request body, [object Object]","service":"media-service","timestamp":"2025-01-18T21:07:21.966Z"}
{"level":"info","message":"Received GET request to /api/media/get","service":"media-service","timestamp":"2025-01-18T21:07:42.345Z"}
{"level":"info","message":"Request body, [object Object]","service":"media-service","timestamp":"2025-01-18T21:07:42.346Z"}
{"level":"info","message":"Received POST request to /api/media/upload","service":"media-service","timestamp":"2025-01-18T21:08:39.435Z"}
{"level":"info","message":"Request body, [object Object]","service":"media-service","timestamp":"2025-01-18T21:08:39.437Z"}
{"level":"info","message":"Starting media upload","service":"media-service","timestamp":"2025-01-18T21:08:39.445Z"}
{"level":"info","message":"File details: name=bab1.jpg, type=image/jpeg","service":"media-service","timestamp":"2025-01-18T21:08:39.456Z"}
{"level":"info","message":"Uploading to cloudinary starting...","service":"media-service","timestamp":"2025-01-18T21:08:39.458Z"}
{"http_code":499,"level":"error","message":"Request Timeout","name":"TimeoutError","service":"media-service","timestamp":"2025-01-18T21:08:45.563Z"}
{"0":"r","1":"e","2":"a","3":"s","4":"o","5":"n","6":":","error":{"http_code":499,"message":"Request Timeout","name":"TimeoutError"},"exception":{"error":{"http_code":499,"message":"Request Timeout","name":"TimeoutError"}},"level":"error","message":"Unhandled Rejection at","service":"media-service","timestamp":"2025-01-18T21:08:45.575Z"}
{"http_code":499,"level":"error","message":"Request Timeout","name":"TimeoutError","service":"media-service","timestamp":"2025-01-18T21:08:45.585Z"}
{"level":"info","message":"Received POST request to /api/media/upload","service":"media-service","timestamp":"2025-01-18T21:14:46.249Z"}
{"level":"info","message":"Request body, [object Object]","service":"media-service","timestamp":"2025-01-18T21:14:46.250Z"}
{"level":"info","message":"Starting media upload","service":"media-service","timestamp":"2025-01-18T21:14:46.254Z"}
{"level":"info","message":"File details: name=bab1.jpg, type=image/jpeg","service":"media-service","timestamp":"2025-01-18T21:14:46.259Z"}
{"level":"info","message":"Uploading to cloudinary starting...","service":"media-service","timestamp":"2025-01-18T21:14:46.260Z"}
{"level":"info","message":"Cloudinary upload successfully. Public Id: - msdq9zqddpxckzrmklif","service":"media-service","timestamp":"2025-01-18T21:15:55.576Z"}
{"level":"info","message":"Received GET request to /api/media/get","service":"media-service","timestamp":"2025-01-18T21:20:43.928Z"}
{"level":"info","message":"Request body, [object Object]","service":"media-service","timestamp":"2025-01-18T21:20:43.932Z"}
{"level":"info","message":"Processed deletion of media for post id 678b651854687dd3943d35eb","service":"media-service","timestamp":"2025-01-18T21:28:17.119Z"}
{"level":"info","message":"Received GET request to /api/media/get","service":"media-service","timestamp":"2025-01-18T21:28:47.935Z"}
{"level":"info","message":"Request body, [object Object]","service":"media-service","timestamp":"2025-01-18T21:28:47.936Z"}
{"0":"E","1":"r","10":"r","11":"e","12":"d","13":" ","14":"w","15":"h","16":"i","17":"l","18":"e","19":" ","2":"r","20":"m","21":"e","22":"d","23":"i","24":"a","25":" ","26":"d","27":"e","28":"l","29":"e","3":"o","30":"t","31":"i","32":"o","33":"n","4":"r","5":" ","6":"o","7":"c","8":"c","9":"u","kind":"ObjectId","level":"error","message":"Cast to ObjectId failed for value \"zy7jkyqpxyqvs6jxjzzk\" (type string) at path \"_id\" for model \"Media\"","path":"_id","reason":{},"service":"media-service","stack":"CastError: Cast to ObjectId failed for value \"zy7jkyqpxyqvs6jxjzzk\" (type string) at path \"_id\" for model \"Media\"\n    at SchemaObjectId.cast (D:\\charlesDevelopment\\microservices\\social_media\\media-service\\node_modules\\.pnpm\\mongoose@8.9.5\\node_modules\\mongoose\\lib\\schema\\objectId.js:250:11)\n    at SchemaType.applySetters (D:\\charlesDevelopment\\microservices\\social_media\\media-service\\node_modules\\.pnpm\\mongoose@8.9.5\\node_modules\\mongoose\\lib\\schemaType.js:1255:12)\n    at SchemaType.castForQuery (D:\\charlesDevelopment\\microservices\\social_media\\media-service\\node_modules\\.pnpm\\mongoose@8.9.5\\node_modules\\mongoose\\lib\\schemaType.js:1673:17)\n    at D:\\charlesDevelopment\\microservices\\social_media\\media-service\\node_modules\\.pnpm\\mongoose@8.9.5\\node_modules\\mongoose\\lib\\schemaType.js:1634:18\n    at Array.map (<anonymous>)\n    at SchemaObjectId.handle$in (D:\\charlesDevelopment\\microservices\\social_media\\media-service\\node_modules\\.pnpm\\mongoose@8.9.5\\node_modules\\mongoose\\lib\\schemaType.js:1630:14)\n    at SchemaType.castForQuery (D:\\charlesDevelopment\\microservices\\social_media\\media-service\\node_modules\\.pnpm\\mongoose@8.9.5\\node_modules\\mongoose\\lib\\schemaType.js:1669:20)\n    at cast (D:\\charlesDevelopment\\microservices\\social_media\\media-service\\node_modules\\.pnpm\\mongoose@8.9.5\\node_modules\\mongoose\\lib\\cast.js:367:39)\n    at Query.cast (D:\\charlesDevelopment\\microservices\\social_media\\media-service\\node_modules\\.pnpm\\mongoose@8.9.5\\node_modules\\mongoose\\lib\\query.js:4889:12)\n    at Query._castConditions (D:\\charlesDevelopment\\microservices\\social_media\\media-service\\node_modules\\.pnpm\\mongoose@8.9.5\\node_modules\\mongoose\\lib\\query.js:2306:10)","stringValue":"\"zy7jkyqpxyqvs6jxjzzk\"","timestamp":"2025-01-18T21:29:16.975Z","value":"zy7jkyqpxyqvs6jxjzzk","valueType":"string"}
{"level":"info","message":"Received GET request to /api/media/get","service":"media-service","timestamp":"2025-01-18T21:29:31.670Z"}
{"level":"info","message":"Request body, [object Object]","service":"media-service","timestamp":"2025-01-18T21:29:31.671Z"}
{"0":"w","1":"z","10":"a","11":"l","12":"t","13":"o","14":"v","15":"a","16":"w","17":"e","18":"l","19":"1","2":"h","3":"r","4":"h","5":"e","6":"g","7":"0","8":"y","9":"c","level":"info","message":"Media deleted successfuly from cloud stroage","service":"media-service","timestamp":"2025-01-18T21:38:15.666Z"}
{"level":"info","message":"Deleted medua 678b8d2efe74914261f9e6e3 associated with this deleted post 678c1f13c6ad73bc0300e05b","service":"media-service","timestamp":"2025-01-18T21:38:15.941Z"}
{"0":"m","1":"s","10":"x","11":"c","12":"k","13":"z","14":"r","15":"m","16":"k","17":"l","18":"i","19":"f","2":"d","3":"q","4":"9","5":"z","6":"q","7":"d","8":"d","9":"p","level":"info","message":"Media deleted successfuly from cloud stroage","service":"media-service","timestamp":"2025-01-18T21:38:16.625Z"}
{"level":"info","message":"Deleted medua 678c1a0bfe74914261f9e6e7 associated with this deleted post 678c1f13c6ad73bc0300e05b","service":"media-service","timestamp":"2025-01-18T21:38:17.025Z"}
{"level":"info","message":"Processed deletion of media for post id 678c1f13c6ad73bc0300e05b","service":"media-service","timestamp":"2025-01-18T21:38:17.027Z"}
{"level":"info","message":"Received GET request to /api/media/get","service":"media-service","timestamp":"2025-01-18T21:38:22.184Z"}
{"level":"info","message":"Request body, [object Object]","service":"media-service","timestamp":"2025-01-18T21:38:22.187Z"}
