{"level":"info","message":"API Gateway is running on port 3000","service":"api-gateway","timestamp":"2025-01-17T18:21:03.126Z"}
{"level":"info","message":"Identity service is running on port http://localhost:3001","service":"api-gateway","timestamp":"2025-01-17T18:21:03.138Z"}
{"level":"info","message":"Post service is running on port undefined","service":"api-gateway","timestamp":"2025-01-17T18:21:03.143Z"}
{"level":"info","message":"Media service is running on port undefined","service":"api-gateway","timestamp":"2025-01-17T18:21:03.146Z"}
{"level":"info","message":"Search service is running on port undefined","service":"api-gateway","timestamp":"2025-01-17T18:21:03.154Z"}
{"level":"info","message":"Redis Url rediss://default:AVAuAAIjcDFmZGRhZmU1YjMxZTk0NDEyOTU1NjJmMTkwY2M5ZWNmZHAxMA@winning-foxhound-20526.upstash.io:6379","service":"api-gateway","timestamp":"2025-01-17T18:21:03.156Z"}
{"level":"info","message":"API Gateway is running on port 3000","service":"api-gateway","timestamp":"2025-01-17T18:21:15.279Z"}
{"level":"info","message":"Identity service is running on port http://localhost:3001","service":"api-gateway","timestamp":"2025-01-17T18:21:15.284Z"}
{"level":"info","message":"Post service is running on port undefined","service":"api-gateway","timestamp":"2025-01-17T18:21:15.285Z"}
{"level":"info","message":"Media service is running on port undefined","service":"api-gateway","timestamp":"2025-01-17T18:21:15.286Z"}
{"level":"info","message":"Search service is running on port undefined","service":"api-gateway","timestamp":"2025-01-17T18:21:15.287Z"}
{"level":"info","message":"Redis Url rediss://default:AVAuAAIjcDFmZGRhZmU1YjMxZTk0NDEyOTU1NjJmMTkwY2M5ZWNmZHAxMA@winning-foxhound-20526.upstash.io:6379","service":"api-gateway","timestamp":"2025-01-17T18:21:15.288Z"}
{"level":"info","message":"API Gateway is running on port 3000","service":"api-gateway","timestamp":"2025-01-18T01:43:07.767Z"}
{"level":"info","message":"Identity service is running on port http://localhost:3001","service":"api-gateway","timestamp":"2025-01-18T01:43:07.776Z"}
{"level":"info","message":"Post service is running on port undefined","service":"api-gateway","timestamp":"2025-01-18T01:43:07.777Z"}
{"level":"info","message":"Media service is running on port undefined","service":"api-gateway","timestamp":"2025-01-18T01:43:07.778Z"}
{"level":"info","message":"Search service is running on port undefined","service":"api-gateway","timestamp":"2025-01-18T01:43:07.779Z"}
{"level":"info","message":"Redis Url rediss://default:AVAuAAIjcDFmZGRhZmU1YjMxZTk0NDEyOTU1NjJmMTkwY2M5ZWNmZHAxMA@winning-foxhound-20526.upstash.io:6379","service":"api-gateway","timestamp":"2025-01-18T01:43:07.780Z"}
{"level":"info","message":"API Gateway is running on port 3000","service":"api-gateway","timestamp":"2025-01-18T02:01:37.050Z"}
{"level":"info","message":"Identity service is running on port http://localhost:3001","service":"api-gateway","timestamp":"2025-01-18T02:01:37.068Z"}
{"level":"info","message":"Redis Url rediss://default:AVAuAAIjcDFmZGRhZmU1YjMxZTk0NDEyOTU1NjJmMTkwY2M5ZWNmZHAxMA@winning-foxhound-20526.upstash.io:6379","service":"api-gateway","timestamp":"2025-01-18T02:01:37.074Z"}
{"level":"info","message":"Received POST request to /v1/auth/login","service":"api-gateway","timestamp":"2025-01-18T02:04:46.100Z"}
{"level":"info","message":"Request body, [object Object]","service":"api-gateway","timestamp":"2025-01-18T02:04:46.102Z"}
{"level":"info","message":"Response received from Identity service: 200","service":"api-gateway","timestamp":"2025-01-18T02:04:47.129Z"}
{"level":"info","message":"Received POST request to /v1/auth/register","service":"api-gateway","timestamp":"2025-01-18T02:10:56.933Z"}
{"level":"info","message":"Request body, [object Object]","service":"api-gateway","timestamp":"2025-01-18T02:10:56.937Z"}
{"level":"info","message":"Response received from Identity service: 400","service":"api-gateway","timestamp":"2025-01-18T02:10:57.428Z"}
{"level":"info","message":"API Gateway is running on port 3000","service":"api-gateway","timestamp":"2025-01-18T07:21:01.838Z"}
{"level":"info","message":"Identity service is running on port http://localhost:3001","service":"api-gateway","timestamp":"2025-01-18T07:21:01.844Z"}
{"level":"info","message":"Redis Url rediss://default:AVAuAAIjcDFmZGRhZmU1YjMxZTk0NDEyOTU1NjJmMTkwY2M5ZWNmZHAxMA@winning-foxhound-20526.upstash.io:6379","service":"api-gateway","timestamp":"2025-01-18T07:21:01.846Z"}
{"level":"info","message":"Received POST request to /v1/auth/login","service":"api-gateway","timestamp":"2025-01-18T07:27:09.804Z"}
{"level":"info","message":"Request body, [object Object]","service":"api-gateway","timestamp":"2025-01-18T07:27:09.806Z"}
{"level":"error","message":"Proxy error: ","service":"api-gateway","timestamp":"2025-01-18T07:27:09.820Z"}
{"level":"info","message":"API Gateway is running on port 3000","service":"api-gateway","timestamp":"2025-01-18T07:28:07.919Z"}
{"level":"info","message":"Identity service is running on port http://localhost:3001","service":"api-gateway","timestamp":"2025-01-18T07:28:07.926Z"}
{"level":"info","message":"Redis Url rediss://default:AVAuAAIjcDFmZGRhZmU1YjMxZTk0NDEyOTU1NjJmMTkwY2M5ZWNmZHAxMA@winning-foxhound-20526.upstash.io:6379","service":"api-gateway","timestamp":"2025-01-18T07:28:07.927Z"}
{"level":"info","message":"Received POST request to /v1/auth/login","service":"api-gateway","timestamp":"2025-01-18T07:28:22.118Z"}
{"level":"info","message":"Request body, [object Object]","service":"api-gateway","timestamp":"2025-01-18T07:28:22.122Z"}
{"level":"info","message":"Response received from Identity service: 200","service":"api-gateway","timestamp":"2025-01-18T07:28:26.153Z"}
{"level":"info","message":"Received POST request to /v1/posts/create-post","service":"api-gateway","timestamp":"2025-01-18T07:29:13.895Z"}
{"level":"info","message":"Request body, [object Object]","service":"api-gateway","timestamp":"2025-01-18T07:29:13.898Z"}
{"level":"warn","message":"Invalid token!","service":"api-gateway","timestamp":"2025-01-18T07:29:13.911Z"}
{"level":"info","message":"Received POST request to /v1/auth/logout","service":"api-gateway","timestamp":"2025-01-18T07:30:22.061Z"}
{"level":"info","message":"Request body, [object Object]","service":"api-gateway","timestamp":"2025-01-18T07:30:22.063Z"}
{"level":"info","message":"Response received from Identity service: 400","service":"api-gateway","timestamp":"2025-01-18T07:30:22.245Z"}
{"level":"info","message":"Received POST request to /v1/auth/login","service":"api-gateway","timestamp":"2025-01-18T07:30:51.881Z"}
{"level":"info","message":"Request body, [object Object]","service":"api-gateway","timestamp":"2025-01-18T07:30:51.882Z"}
{"level":"info","message":"Response received from Identity service: 200","service":"api-gateway","timestamp":"2025-01-18T07:30:52.431Z"}
{"level":"info","message":"Received POST request to /v1/posts/create-post","service":"api-gateway","timestamp":"2025-01-18T07:31:40.432Z"}
{"level":"info","message":"Request body, [object Object]","service":"api-gateway","timestamp":"2025-01-18T07:31:40.433Z"}
{"level":"warn","message":"Invalid token!","service":"api-gateway","timestamp":"2025-01-18T07:31:40.434Z"}
{"level":"info","message":"Received POST request to /v1/posts/create-post","service":"api-gateway","timestamp":"2025-01-18T07:37:12.726Z"}
{"level":"info","message":"Request body, [object Object]","service":"api-gateway","timestamp":"2025-01-18T07:37:12.727Z"}
{"level":"warn","message":"Invalid token!","service":"api-gateway","timestamp":"2025-01-18T07:37:12.729Z"}
{"level":"info","message":"Received POST request to /v1/posts/create-post","service":"api-gateway","timestamp":"2025-01-18T07:39:10.204Z"}
{"level":"info","message":"Request body, [object Object]","service":"api-gateway","timestamp":"2025-01-18T07:39:10.206Z"}
{"level":"warn","message":"Invalid token!","service":"api-gateway","timestamp":"2025-01-18T07:39:10.209Z"}
{"level":"info","message":"API Gateway is running on port 3000","service":"api-gateway","timestamp":"2025-01-18T07:41:32.196Z"}
{"level":"info","message":"Identity service is running on port http://localhost:3001","service":"api-gateway","timestamp":"2025-01-18T07:41:32.203Z"}
{"level":"info","message":"Redis Url rediss://default:AVAuAAIjcDFmZGRhZmU1YjMxZTk0NDEyOTU1NjJmMTkwY2M5ZWNmZHAxMA@winning-foxhound-20526.upstash.io:6379","service":"api-gateway","timestamp":"2025-01-18T07:41:32.205Z"}
{"level":"info","message":"Received POST request to /v1/auth/login","service":"api-gateway","timestamp":"2025-01-18T07:43:00.429Z"}
{"level":"info","message":"Request body, [object Object]","service":"api-gateway","timestamp":"2025-01-18T07:43:00.431Z"}
{"level":"info","message":"Response received from Identity service: 200","service":"api-gateway","timestamp":"2025-01-18T07:43:03.194Z"}
{"level":"info","message":"Received POST request to /v1/posts/create-post","service":"api-gateway","timestamp":"2025-01-18T07:43:25.497Z"}
{"level":"info","message":"Request body, [object Object]","service":"api-gateway","timestamp":"2025-01-18T07:43:25.498Z"}
{"level":"warn","message":"Invalid token!","service":"api-gateway","timestamp":"2025-01-18T07:43:25.509Z"}
{"level":"info","message":"Received POST request to /v1/posts/create-post","service":"api-gateway","timestamp":"2025-01-18T07:46:44.959Z"}
{"level":"info","message":"Request body, [object Object]","service":"api-gateway","timestamp":"2025-01-18T07:46:44.962Z"}
{"level":"warn","message":"Invalid token!","service":"api-gateway","timestamp":"2025-01-18T07:46:44.969Z"}
{"level":"info","message":"API Gateway is running on port 3000","service":"api-gateway","timestamp":"2025-01-18T07:50:04.481Z"}
{"level":"info","message":"Identity service is running on port http://localhost:3001","service":"api-gateway","timestamp":"2025-01-18T07:50:04.493Z"}
{"level":"info","message":"Redis Url rediss://default:AVAuAAIjcDFmZGRhZmU1YjMxZTk0NDEyOTU1NjJmMTkwY2M5ZWNmZHAxMA@winning-foxhound-20526.upstash.io:6379","service":"api-gateway","timestamp":"2025-01-18T07:50:04.495Z"}
{"level":"info","message":"API Gateway is running on port 3000","service":"api-gateway","timestamp":"2025-01-18T07:50:12.151Z"}
{"level":"info","message":"Identity service is running on port http://localhost:3001","service":"api-gateway","timestamp":"2025-01-18T07:50:12.165Z"}
{"level":"info","message":"Redis Url rediss://default:AVAuAAIjcDFmZGRhZmU1YjMxZTk0NDEyOTU1NjJmMTkwY2M5ZWNmZHAxMA@winning-foxhound-20526.upstash.io:6379","service":"api-gateway","timestamp":"2025-01-18T07:50:12.167Z"}
{"level":"info","message":"API Gateway is running on port 3000","service":"api-gateway","timestamp":"2025-01-18T07:50:25.070Z"}
{"level":"info","message":"Identity service is running on port http://localhost:3001","service":"api-gateway","timestamp":"2025-01-18T07:50:25.076Z"}
{"level":"info","message":"Redis Url rediss://default:AVAuAAIjcDFmZGRhZmU1YjMxZTk0NDEyOTU1NjJmMTkwY2M5ZWNmZHAxMA@winning-foxhound-20526.upstash.io:6379","service":"api-gateway","timestamp":"2025-01-18T07:50:25.077Z"}
{"level":"info","message":"Received POST request to /v1/auth/login","service":"api-gateway","timestamp":"2025-01-18T07:50:38.696Z"}
{"level":"info","message":"Request body, [object Object]","service":"api-gateway","timestamp":"2025-01-18T07:50:38.698Z"}
{"level":"info","message":"Response received from Identity service: 200","service":"api-gateway","timestamp":"2025-01-18T07:50:39.442Z"}
{"level":"info","message":"Received POST request to /v1/posts/create-post","service":"api-gateway","timestamp":"2025-01-18T07:51:16.250Z"}
{"level":"info","message":"Request body, [object Object]","service":"api-gateway","timestamp":"2025-01-18T07:51:16.251Z"}
{"level":"warn","message":"Invalid token!","service":"api-gateway","timestamp":"2025-01-18T07:51:16.261Z"}
{"level":"info","message":"Received POST request to /v1/auth/login","service":"api-gateway","timestamp":"2025-01-18T07:53:24.520Z"}
{"level":"info","message":"Request body, [object Object]","service":"api-gateway","timestamp":"2025-01-18T07:53:24.524Z"}
{"level":"info","message":"Response received from Identity service: 200","service":"api-gateway","timestamp":"2025-01-18T07:53:25.447Z"}
{"level":"info","message":"Received POST request to /v1/posts/create-post","service":"api-gateway","timestamp":"2025-01-18T07:54:46.098Z"}
{"level":"info","message":"Request body, [object Object]","service":"api-gateway","timestamp":"2025-01-18T07:54:46.099Z"}
{"level":"warn","message":"Invalid token!","service":"api-gateway","timestamp":"2025-01-18T07:54:46.101Z"}
{"level":"info","message":"Received POST request to /v1/posts/create-post","service":"api-gateway","timestamp":"2025-01-18T07:55:31.286Z"}
{"level":"info","message":"Request body, [object Object]","service":"api-gateway","timestamp":"2025-01-18T07:55:31.287Z"}
{"level":"warn","message":"Access attempt without valid token!","service":"api-gateway","timestamp":"2025-01-18T07:55:31.288Z"}
{"level":"info","message":"API Gateway is running on port 3000","service":"api-gateway","timestamp":"2025-01-18T07:56:42.946Z"}
{"level":"info","message":"Identity service is running on port http://localhost:3001","service":"api-gateway","timestamp":"2025-01-18T07:56:42.967Z"}
{"level":"info","message":"Redis Url rediss://default:AVAuAAIjcDFmZGRhZmU1YjMxZTk0NDEyOTU1NjJmMTkwY2M5ZWNmZHAxMA@winning-foxhound-20526.upstash.io:6379","service":"api-gateway","timestamp":"2025-01-18T07:56:42.985Z"}
{"level":"info","message":"API Gateway is running on port 3000","service":"api-gateway","timestamp":"2025-01-18T07:57:59.847Z"}
{"level":"info","message":"Identity service is running on port http://localhost:3001","service":"api-gateway","timestamp":"2025-01-18T07:57:59.854Z"}
{"level":"info","message":"Redis Url rediss://default:AVAuAAIjcDFmZGRhZmU1YjMxZTk0NDEyOTU1NjJmMTkwY2M5ZWNmZHAxMA@winning-foxhound-20526.upstash.io:6379","service":"api-gateway","timestamp":"2025-01-18T07:57:59.855Z"}
{"level":"info","message":"API Gateway is running on port 3000","service":"api-gateway","timestamp":"2025-01-18T07:58:01.266Z"}
{"level":"info","message":"Identity service is running on port http://localhost:3001","service":"api-gateway","timestamp":"2025-01-18T07:58:01.276Z"}
{"level":"info","message":"Redis Url rediss://default:AVAuAAIjcDFmZGRhZmU1YjMxZTk0NDEyOTU1NjJmMTkwY2M5ZWNmZHAxMA@winning-foxhound-20526.upstash.io:6379","service":"api-gateway","timestamp":"2025-01-18T07:58:01.277Z"}
{"level":"info","message":"Received POST request to /v1/posts/create-post","service":"api-gateway","timestamp":"2025-01-18T07:58:07.936Z"}
{"level":"info","message":"Request body, [object Object]","service":"api-gateway","timestamp":"2025-01-18T07:58:07.941Z"}
{"level":"warn","message":"invalid signature","name":"JsonWebTokenError","service":"api-gateway","stack":"JsonWebTokenError: invalid signature\n    at D:\\charlesDevelopment\\microservices\\social_media\\api-gateway\\node_modules\\.pnpm\\jsonwebtoken@9.0.2\\node_modules\\jsonwebtoken\\verify.js:171:19\n    at getSecret (D:\\charlesDevelopment\\microservices\\social_media\\api-gateway\\node_modules\\.pnpm\\jsonwebtoken@9.0.2\\node_modules\\jsonwebtoken\\verify.js:97:14)\n    at module.exports [as verify] (D:\\charlesDevelopment\\microservices\\social_media\\api-gateway\\node_modules\\.pnpm\\jsonwebtoken@9.0.2\\node_modules\\jsonwebtoken\\verify.js:101:10)\n    at validateToken (D:\\charlesDevelopment\\microservices\\social_media\\api-gateway\\src\\middleware\\authMiddleware.js:18:7)\n    at Layer.handle [as handle_request] (D:\\charlesDevelopment\\microservices\\social_media\\api-gateway\\node_modules\\.pnpm\\express@4.21.2\\node_modules\\express\\lib\\router\\layer.js:95:5)\n    at trim_prefix (D:\\charlesDevelopment\\microservices\\social_media\\api-gateway\\node_modules\\.pnpm\\express@4.21.2\\node_modules\\express\\lib\\router\\index.js:328:13)\n    at D:\\charlesDevelopment\\microservices\\social_media\\api-gateway\\node_modules\\.pnpm\\express@4.21.2\\node_modules\\express\\lib\\router\\index.js:286:9\n    at Function.process_params (D:\\charlesDevelopment\\microservices\\social_media\\api-gateway\\node_modules\\.pnpm\\express@4.21.2\\node_modules\\express\\lib\\router\\index.js:346:12)\n    at next (D:\\charlesDevelopment\\microservices\\social_media\\api-gateway\\node_modules\\.pnpm\\express@4.21.2\\node_modules\\express\\lib\\router\\index.js:280:10)\n    at D:\\charlesDevelopment\\microservices\\social_media\\api-gateway\\src\\server.js:42:3","timestamp":"2025-01-18T07:58:07.954Z"}
{"level":"info","message":"API Gateway is running on port 3000","service":"api-gateway","timestamp":"2025-01-18T08:00:32.804Z"}
{"level":"info","message":"Identity service is running on port http://localhost:3001","service":"api-gateway","timestamp":"2025-01-18T08:00:32.816Z"}
{"level":"info","message":"Redis Url rediss://default:AVAuAAIjcDFmZGRhZmU1YjMxZTk0NDEyOTU1NjJmMTkwY2M5ZWNmZHAxMA@winning-foxhound-20526.upstash.io:6379","service":"api-gateway","timestamp":"2025-01-18T08:00:32.819Z"}
{"level":"info","message":"API Gateway is running on port 3000","service":"api-gateway","timestamp":"2025-01-18T08:00:37.260Z"}
{"level":"info","message":"Identity service is running on port http://localhost:3001","service":"api-gateway","timestamp":"2025-01-18T08:00:37.274Z"}
{"level":"info","message":"Redis Url rediss://default:AVAuAAIjcDFmZGRhZmU1YjMxZTk0NDEyOTU1NjJmMTkwY2M5ZWNmZHAxMA@winning-foxhound-20526.upstash.io:6379","service":"api-gateway","timestamp":"2025-01-18T08:00:37.277Z"}
{"level":"info","message":"Received POST request to /v1/posts/create-post","service":"api-gateway","timestamp":"2025-01-18T08:00:59.934Z"}
{"level":"info","message":"Request body, [object Object]","service":"api-gateway","timestamp":"2025-01-18T08:00:59.936Z"}
{"level":"warn","message":"invalid signature","name":"JsonWebTokenError","service":"api-gateway","stack":"JsonWebTokenError: invalid signature\n    at D:\\charlesDevelopment\\microservices\\social_media\\api-gateway\\node_modules\\.pnpm\\jsonwebtoken@9.0.2\\node_modules\\jsonwebtoken\\verify.js:171:19\n    at getSecret (D:\\charlesDevelopment\\microservices\\social_media\\api-gateway\\node_modules\\.pnpm\\jsonwebtoken@9.0.2\\node_modules\\jsonwebtoken\\verify.js:97:14)\n    at module.exports [as verify] (D:\\charlesDevelopment\\microservices\\social_media\\api-gateway\\node_modules\\.pnpm\\jsonwebtoken@9.0.2\\node_modules\\jsonwebtoken\\verify.js:101:10)\n    at validateToken (D:\\charlesDevelopment\\microservices\\social_media\\api-gateway\\src\\middleware\\authMiddleware.js:18:7)\n    at Layer.handle [as handle_request] (D:\\charlesDevelopment\\microservices\\social_media\\api-gateway\\node_modules\\.pnpm\\express@4.21.2\\node_modules\\express\\lib\\router\\layer.js:95:5)\n    at trim_prefix (D:\\charlesDevelopment\\microservices\\social_media\\api-gateway\\node_modules\\.pnpm\\express@4.21.2\\node_modules\\express\\lib\\router\\index.js:328:13)\n    at D:\\charlesDevelopment\\microservices\\social_media\\api-gateway\\node_modules\\.pnpm\\express@4.21.2\\node_modules\\express\\lib\\router\\index.js:286:9\n    at Function.process_params (D:\\charlesDevelopment\\microservices\\social_media\\api-gateway\\node_modules\\.pnpm\\express@4.21.2\\node_modules\\express\\lib\\router\\index.js:346:12)\n    at next (D:\\charlesDevelopment\\microservices\\social_media\\api-gateway\\node_modules\\.pnpm\\express@4.21.2\\node_modules\\express\\lib\\router\\index.js:280:10)\n    at D:\\charlesDevelopment\\microservices\\social_media\\api-gateway\\src\\server.js:42:3","timestamp":"2025-01-18T08:00:59.946Z"}
{"level":"info","message":"Received POST request to /v1/auth/login","service":"api-gateway","timestamp":"2025-01-18T08:01:12.205Z"}
{"level":"info","message":"Request body, [object Object]","service":"api-gateway","timestamp":"2025-01-18T08:01:12.206Z"}
{"level":"info","message":"Response received from Identity service: 200","service":"api-gateway","timestamp":"2025-01-18T08:01:12.895Z"}
{"level":"info","message":"Received POST request to /v1/posts/create-post","service":"api-gateway","timestamp":"2025-01-18T08:01:35.425Z"}
{"level":"info","message":"Request body, [object Object]","service":"api-gateway","timestamp":"2025-01-18T08:01:35.426Z"}
{"level":"warn","message":"invalid signature","name":"JsonWebTokenError","service":"api-gateway","stack":"JsonWebTokenError: invalid signature\n    at D:\\charlesDevelopment\\microservices\\social_media\\api-gateway\\node_modules\\.pnpm\\jsonwebtoken@9.0.2\\node_modules\\jsonwebtoken\\verify.js:171:19\n    at getSecret (D:\\charlesDevelopment\\microservices\\social_media\\api-gateway\\node_modules\\.pnpm\\jsonwebtoken@9.0.2\\node_modules\\jsonwebtoken\\verify.js:97:14)\n    at module.exports [as verify] (D:\\charlesDevelopment\\microservices\\social_media\\api-gateway\\node_modules\\.pnpm\\jsonwebtoken@9.0.2\\node_modules\\jsonwebtoken\\verify.js:101:10)\n    at validateToken (D:\\charlesDevelopment\\microservices\\social_media\\api-gateway\\src\\middleware\\authMiddleware.js:18:7)\n    at Layer.handle [as handle_request] (D:\\charlesDevelopment\\microservices\\social_media\\api-gateway\\node_modules\\.pnpm\\express@4.21.2\\node_modules\\express\\lib\\router\\layer.js:95:5)\n    at trim_prefix (D:\\charlesDevelopment\\microservices\\social_media\\api-gateway\\node_modules\\.pnpm\\express@4.21.2\\node_modules\\express\\lib\\router\\index.js:328:13)\n    at D:\\charlesDevelopment\\microservices\\social_media\\api-gateway\\node_modules\\.pnpm\\express@4.21.2\\node_modules\\express\\lib\\router\\index.js:286:9\n    at Function.process_params (D:\\charlesDevelopment\\microservices\\social_media\\api-gateway\\node_modules\\.pnpm\\express@4.21.2\\node_modules\\express\\lib\\router\\index.js:346:12)\n    at next (D:\\charlesDevelopment\\microservices\\social_media\\api-gateway\\node_modules\\.pnpm\\express@4.21.2\\node_modules\\express\\lib\\router\\index.js:280:10)\n    at D:\\charlesDevelopment\\microservices\\social_media\\api-gateway\\src\\server.js:42:3","timestamp":"2025-01-18T08:01:35.428Z"}
{"level":"info","message":"API Gateway is running on port 3000","service":"api-gateway","timestamp":"2025-01-18T08:02:26.042Z"}
{"level":"info","message":"Identity service is running on port http://localhost:3001","service":"api-gateway","timestamp":"2025-01-18T08:02:26.052Z"}
{"level":"info","message":"Redis Url rediss://default:AVAuAAIjcDFmZGRhZmU1YjMxZTk0NDEyOTU1NjJmMTkwY2M5ZWNmZHAxMA@winning-foxhound-20526.upstash.io:6379","service":"api-gateway","timestamp":"2025-01-18T08:02:26.053Z"}
{"level":"info","message":"API Gateway is running on port 3000","service":"api-gateway","timestamp":"2025-01-18T08:22:48.313Z"}
{"level":"info","message":"Identity service is running on port http://localhost:3001","service":"api-gateway","timestamp":"2025-01-18T08:22:48.320Z"}
{"level":"info","message":"Redis Url rediss://default:AVAuAAIjcDFmZGRhZmU1YjMxZTk0NDEyOTU1NjJmMTkwY2M5ZWNmZHAxMA@winning-foxhound-20526.upstash.io:6379","service":"api-gateway","timestamp":"2025-01-18T08:22:48.321Z"}
{"level":"info","message":"Received POST request to /v1/posts/create-post","service":"api-gateway","timestamp":"2025-01-18T08:23:06.179Z"}
{"level":"info","message":"Request body, [object Object]","service":"api-gateway","timestamp":"2025-01-18T08:23:06.181Z"}
{"level":"warn","message":"invalid signature","name":"JsonWebTokenError","service":"api-gateway","stack":"JsonWebTokenError: invalid signature\n    at D:\\charlesDevelopment\\microservices\\social_media\\api-gateway\\node_modules\\.pnpm\\jsonwebtoken@9.0.2\\node_modules\\jsonwebtoken\\verify.js:171:19\n    at getSecret (D:\\charlesDevelopment\\microservices\\social_media\\api-gateway\\node_modules\\.pnpm\\jsonwebtoken@9.0.2\\node_modules\\jsonwebtoken\\verify.js:97:14)\n    at module.exports [as verify] (D:\\charlesDevelopment\\microservices\\social_media\\api-gateway\\node_modules\\.pnpm\\jsonwebtoken@9.0.2\\node_modules\\jsonwebtoken\\verify.js:101:10)\n    at validateToken (D:\\charlesDevelopment\\microservices\\social_media\\api-gateway\\src\\middleware\\authMiddleware.js:18:7)\n    at Layer.handle [as handle_request] (D:\\charlesDevelopment\\microservices\\social_media\\api-gateway\\node_modules\\.pnpm\\express@4.21.2\\node_modules\\express\\lib\\router\\layer.js:95:5)\n    at trim_prefix (D:\\charlesDevelopment\\microservices\\social_media\\api-gateway\\node_modules\\.pnpm\\express@4.21.2\\node_modules\\express\\lib\\router\\index.js:328:13)\n    at D:\\charlesDevelopment\\microservices\\social_media\\api-gateway\\node_modules\\.pnpm\\express@4.21.2\\node_modules\\express\\lib\\router\\index.js:286:9\n    at Function.process_params (D:\\charlesDevelopment\\microservices\\social_media\\api-gateway\\node_modules\\.pnpm\\express@4.21.2\\node_modules\\express\\lib\\router\\index.js:346:12)\n    at next (D:\\charlesDevelopment\\microservices\\social_media\\api-gateway\\node_modules\\.pnpm\\express@4.21.2\\node_modules\\express\\lib\\router\\index.js:280:10)\n    at D:\\charlesDevelopment\\microservices\\social_media\\api-gateway\\src\\server.js:42:3","timestamp":"2025-01-18T08:23:06.186Z"}
{"level":"info","message":"Received POST request to /v1/auth/login","service":"api-gateway","timestamp":"2025-01-18T08:23:29.315Z"}
{"level":"info","message":"Request body, [object Object]","service":"api-gateway","timestamp":"2025-01-18T08:23:29.316Z"}
{"level":"info","message":"Response received from Identity service: 200","service":"api-gateway","timestamp":"2025-01-18T08:23:29.984Z"}
{"level":"info","message":"Received POST request to /v1/posts/create-post","service":"api-gateway","timestamp":"2025-01-18T08:23:52.034Z"}
{"level":"info","message":"Request body, [object Object]","service":"api-gateway","timestamp":"2025-01-18T08:23:52.035Z"}
{"level":"info","message":"Response received from Post service: 201","service":"api-gateway","timestamp":"2025-01-18T08:23:52.885Z"}
{"level":"info","message":"Received GET request to /v1/posts/all-posts","service":"api-gateway","timestamp":"2025-01-18T09:01:57.212Z"}
{"level":"info","message":"Request body, [object Object]","service":"api-gateway","timestamp":"2025-01-18T09:01:57.213Z"}
{"level":"warn","message":"Access attempt without valid token!","service":"api-gateway","timestamp":"2025-01-18T09:01:57.213Z"}
{"level":"info","message":"Received GET request to /v1/posts/all-posts","service":"api-gateway","timestamp":"2025-01-18T09:02:16.234Z"}
{"level":"info","message":"Request body, [object Object]","service":"api-gateway","timestamp":"2025-01-18T09:02:16.235Z"}
{"expiredAt":"2025-01-18T08:33:29.000Z","level":"warn","message":"jwt expired","name":"TokenExpiredError","service":"api-gateway","stack":"TokenExpiredError: jwt expired\n    at D:\\charlesDevelopment\\microservices\\social_media\\api-gateway\\node_modules\\.pnpm\\jsonwebtoken@9.0.2\\node_modules\\jsonwebtoken\\verify.js:190:21\n    at getSecret (D:\\charlesDevelopment\\microservices\\social_media\\api-gateway\\node_modules\\.pnpm\\jsonwebtoken@9.0.2\\node_modules\\jsonwebtoken\\verify.js:97:14)\n    at module.exports [as verify] (D:\\charlesDevelopment\\microservices\\social_media\\api-gateway\\node_modules\\.pnpm\\jsonwebtoken@9.0.2\\node_modules\\jsonwebtoken\\verify.js:101:10)\n    at validateToken (D:\\charlesDevelopment\\microservices\\social_media\\api-gateway\\src\\middleware\\authMiddleware.js:18:7)\n    at Layer.handle [as handle_request] (D:\\charlesDevelopment\\microservices\\social_media\\api-gateway\\node_modules\\.pnpm\\express@4.21.2\\node_modules\\express\\lib\\router\\layer.js:95:5)\n    at trim_prefix (D:\\charlesDevelopment\\microservices\\social_media\\api-gateway\\node_modules\\.pnpm\\express@4.21.2\\node_modules\\express\\lib\\router\\index.js:328:13)\n    at D:\\charlesDevelopment\\microservices\\social_media\\api-gateway\\node_modules\\.pnpm\\express@4.21.2\\node_modules\\express\\lib\\router\\index.js:286:9\n    at Function.process_params (D:\\charlesDevelopment\\microservices\\social_media\\api-gateway\\node_modules\\.pnpm\\express@4.21.2\\node_modules\\express\\lib\\router\\index.js:346:12)\n    at next (D:\\charlesDevelopment\\microservices\\social_media\\api-gateway\\node_modules\\.pnpm\\express@4.21.2\\node_modules\\express\\lib\\router\\index.js:280:10)\n    at D:\\charlesDevelopment\\microservices\\social_media\\api-gateway\\src\\server.js:42:3","timestamp":"2025-01-18T09:02:16.238Z"}
{"level":"info","message":"Received POST request to /v1/auth/login","service":"api-gateway","timestamp":"2025-01-18T09:05:55.357Z"}
{"level":"info","message":"Request body, [object Object]","service":"api-gateway","timestamp":"2025-01-18T09:05:55.357Z"}
{"level":"info","message":"Response received from Identity service: 200","service":"api-gateway","timestamp":"2025-01-18T09:05:56.440Z"}
{"level":"info","message":"Received GET request to /v1/posts/all-posts","service":"api-gateway","timestamp":"2025-01-18T09:06:15.893Z"}
{"level":"info","message":"Request body, [object Object]","service":"api-gateway","timestamp":"2025-01-18T09:06:15.893Z"}
{"level":"info","message":"Response received from Post service: 200","service":"api-gateway","timestamp":"2025-01-18T09:06:23.993Z"}
{"level":"info","message":"Received GET request to /v1/posts/678b651854687dd3943d35eb","service":"api-gateway","timestamp":"2025-01-18T09:15:30.579Z"}
{"level":"info","message":"Request body, [object Object]","service":"api-gateway","timestamp":"2025-01-18T09:15:30.581Z"}
{"level":"warn","message":"Access attempt without valid token!","service":"api-gateway","timestamp":"2025-01-18T09:15:30.582Z"}
{"level":"info","message":"Received GET request to /v1/posts/678b651854687dd3943d35eb","service":"api-gateway","timestamp":"2025-01-18T09:16:12.679Z"}
{"level":"info","message":"Request body, [object Object]","service":"api-gateway","timestamp":"2025-01-18T09:16:12.680Z"}
{"level":"info","message":"Response received from Post service: 200","service":"api-gateway","timestamp":"2025-01-18T09:16:13.396Z"}
{"level":"info","message":"Received GET request to /v1/posts/678b651854687dd3943d35eb","service":"api-gateway","timestamp":"2025-01-18T09:16:22.819Z"}
{"level":"info","message":"Request body, [object Object]","service":"api-gateway","timestamp":"2025-01-18T09:16:22.820Z"}
{"level":"info","message":"Response received from Post service: 200","service":"api-gateway","timestamp":"2025-01-18T09:16:23.393Z"}
{"level":"info","message":"Received GET request to /v1/posts/678b651854687dd3943d35eb","service":"api-gateway","timestamp":"2025-01-18T09:16:25.150Z"}
{"level":"info","message":"Request body, [object Object]","service":"api-gateway","timestamp":"2025-01-18T09:16:25.151Z"}
{"level":"info","message":"Response received from Post service: 200","service":"api-gateway","timestamp":"2025-01-18T09:16:25.668Z"}
{"level":"info","message":"Received POST request to /v1/posts/create-post","service":"api-gateway","timestamp":"2025-01-18T09:19:40.204Z"}
{"level":"info","message":"Request body, [object Object]","service":"api-gateway","timestamp":"2025-01-18T09:19:40.205Z"}
{"expiredAt":"2025-01-18T08:33:29.000Z","level":"warn","message":"jwt expired","name":"TokenExpiredError","service":"api-gateway","stack":"TokenExpiredError: jwt expired\n    at D:\\charlesDevelopment\\microservices\\social_media\\api-gateway\\node_modules\\.pnpm\\jsonwebtoken@9.0.2\\node_modules\\jsonwebtoken\\verify.js:190:21\n    at getSecret (D:\\charlesDevelopment\\microservices\\social_media\\api-gateway\\node_modules\\.pnpm\\jsonwebtoken@9.0.2\\node_modules\\jsonwebtoken\\verify.js:97:14)\n    at module.exports [as verify] (D:\\charlesDevelopment\\microservices\\social_media\\api-gateway\\node_modules\\.pnpm\\jsonwebtoken@9.0.2\\node_modules\\jsonwebtoken\\verify.js:101:10)\n    at validateToken (D:\\charlesDevelopment\\microservices\\social_media\\api-gateway\\src\\middleware\\authMiddleware.js:18:7)\n    at Layer.handle [as handle_request] (D:\\charlesDevelopment\\microservices\\social_media\\api-gateway\\node_modules\\.pnpm\\express@4.21.2\\node_modules\\express\\lib\\router\\layer.js:95:5)\n    at trim_prefix (D:\\charlesDevelopment\\microservices\\social_media\\api-gateway\\node_modules\\.pnpm\\express@4.21.2\\node_modules\\express\\lib\\router\\index.js:328:13)\n    at D:\\charlesDevelopment\\microservices\\social_media\\api-gateway\\node_modules\\.pnpm\\express@4.21.2\\node_modules\\express\\lib\\router\\index.js:286:9\n    at Function.process_params (D:\\charlesDevelopment\\microservices\\social_media\\api-gateway\\node_modules\\.pnpm\\express@4.21.2\\node_modules\\express\\lib\\router\\index.js:346:12)\n    at next (D:\\charlesDevelopment\\microservices\\social_media\\api-gateway\\node_modules\\.pnpm\\express@4.21.2\\node_modules\\express\\lib\\router\\index.js:280:10)\n    at D:\\charlesDevelopment\\microservices\\social_media\\api-gateway\\src\\server.js:42:3","timestamp":"2025-01-18T09:19:40.207Z"}
{"level":"info","message":"Received POST request to /v1/posts/create-post","service":"api-gateway","timestamp":"2025-01-18T09:19:59.626Z"}
{"level":"info","message":"Request body, [object Object]","service":"api-gateway","timestamp":"2025-01-18T09:19:59.627Z"}
{"level":"info","message":"Response received from Post service: 201","service":"api-gateway","timestamp":"2025-01-18T09:20:00.296Z"}
{"level":"info","message":"Received GET request to /v1/posts/all-posts","service":"api-gateway","timestamp":"2025-01-18T09:20:12.798Z"}
{"level":"info","message":"Request body, [object Object]","service":"api-gateway","timestamp":"2025-01-18T09:20:12.798Z"}
{"level":"info","message":"Response received from Post service: 200","service":"api-gateway","timestamp":"2025-01-18T09:20:14.740Z"}
{"level":"info","message":"Received GET request to /v1/posts/all-posts","service":"api-gateway","timestamp":"2025-01-18T09:20:25.145Z"}
{"level":"info","message":"Request body, [object Object]","service":"api-gateway","timestamp":"2025-01-18T09:20:25.146Z"}
{"level":"info","message":"Response received from Post service: 200","service":"api-gateway","timestamp":"2025-01-18T09:20:26.665Z"}
{"level":"info","message":"Received GET request to /v1/posts/all-posts","service":"api-gateway","timestamp":"2025-01-18T09:20:34.027Z"}
{"level":"info","message":"Request body, [object Object]","service":"api-gateway","timestamp":"2025-01-18T09:20:34.028Z"}
{"level":"info","message":"Response received from Post service: 200","service":"api-gateway","timestamp":"2025-01-18T09:20:34.486Z"}
{"level":"info","message":"Received GET request to /v1/posts/all-posts","service":"api-gateway","timestamp":"2025-01-18T09:20:38.516Z"}
{"level":"info","message":"Request body, [object Object]","service":"api-gateway","timestamp":"2025-01-18T09:20:38.518Z"}
{"level":"info","message":"Response received from Post service: 200","service":"api-gateway","timestamp":"2025-01-18T09:20:40.421Z"}
{"level":"info","message":"Received GET request to /v1/posts/all-posts","service":"api-gateway","timestamp":"2025-01-18T09:20:43.250Z"}
{"level":"info","message":"Request body, [object Object]","service":"api-gateway","timestamp":"2025-01-18T09:20:43.251Z"}
{"level":"info","message":"Response received from Post service: 200","service":"api-gateway","timestamp":"2025-01-18T09:20:43.701Z"}
{"level":"info","message":"Received GET request to /v1/posts/all-posts","service":"api-gateway","timestamp":"2025-01-18T09:20:47.222Z"}
{"level":"info","message":"Request body, [object Object]","service":"api-gateway","timestamp":"2025-01-18T09:20:47.223Z"}
{"level":"info","message":"Response received from Post service: 200","service":"api-gateway","timestamp":"2025-01-18T09:20:48.876Z"}
